<?xml version='1.0' encoding='UTF-8' ?>
<testsuite name="org.universalworldtechnologyec.cedulamovil.ScreenshotTest" tests="1" failures="0" errors="0" skipped="0" time="6.052" timestamp="2026-09-13T04:21:32" hostname="localhost">
  <properties>
    <property name="device" value="Pixel_9(AVD) - 15" />
    <property name="flavor" value="" />
    <property name="project" value=":app" />
  </properties>
  <testcase name="tomarCapturas" classname="org.universalworldtechnologyec.cedulamovil.ScreenshotTest" time="5.436" />
</testsuite>